<?xml version="1.0" encoding="UTF-8"?>
<!-- Generated by org.testng.reporters.JUnitReportReporter -->
<testsuite hostname="DESKTOP-RN8A7UI" failures="0" tests="2" name="Day1" time="0.011" errors="0" timestamp="2024-07-22T16:15:52 IST" skipped="0">
  <testcase classname="Day1" name="Demo" time="0.009"/>
  <system-out/>
  <testcase classname="Day1" name="SecondTest" time="0.002"/>
  <system-out/>
</testsuite> <!-- Day1 -->
