<?xml version="1.0" encoding="UTF-8"?>
<!-- Generated by org.testng.reporters.JUnitReportReporter -->
<testsuite hostname="DESKTOP-RN8A7UI" failures="0" tests="5" name="Test.day4" time="0.006" errors="0" timestamp="2024-07-23T01:10:26 IST" skipped="0">
  <testcase classname="Test.day4" name="WebloginHomeLoan" time="0.001"/>
  <system-out/>
  <testcase classname="Test.day4" name="MobileloginHomeLoan" time="0.000"/>
  <system-out/>
  <testcase classname="Test.day4" name="MobileloginHomeLoan" time="0.001"/>
  <system-out/>
  <testcase classname="Test.day4" name="MobileloginHomeLoan" time="0.002"/>
  <system-out/>
  <testcase classname="Test.day4" name="LoginAPIHomeLoan" time="0.002"/>
  <system-out/>
</testsuite> <!-- Test.day4 -->
