<?xml version="1.0" encoding="UTF-8"?>
<!-- Generated by org.testng.reporters.JUnitReportReporter -->
<testsuite hostname="DESKTOP-RN8A7UI" failures="0" tests="2" name="Test.day1" time="0.016" errors="0" timestamp="2024-07-23T01:10:26 IST" skipped="0">
  <testcase classname="Test.day1" name="Demo" time="0.013"/>
  <system-out/>
  <testcase classname="Test.day1" name="SecondTest" time="0.003"/>
  <system-out/>
</testsuite> <!-- Test.day1 -->
