<?xml version="1.0" encoding="UTF-8"?>
<!-- Generated by org.testng.reporters.JUnitReportReporter -->
<testsuite hostname="DESKTOP-RN8A7UI" failures="0" tests="1" name="Test.day2" time="0.002" errors="0" timestamp="2024-07-23T01:10:26 IST" skipped="0">
  <testcase classname="Test.day2" name="ploan" time="0.002"/>
  <system-out/>
</testsuite> <!-- Test.day2 -->
